<?xml version='1.0' encoding='UTF-8'?>
<testsuite hostname="quentin-MS-7978" name="FileManagerTest" tests="20" errors="0" failures="0" skipped="2" time="0.017" timestamp="2019-10-16T21:30:04">
                     <properties>
      <property name="awt.toolkit" value="sun.awt.X11.XToolkit"/><property name="java.specification.version" value="11"/><property name="sun.cpu.isalist" value=""/><property name="sun.jnu.encoding" value="UTF-8"/><property name="sun.arch.data.model" value="64"/><property name="sbt.supershell" value="false"/><property name="java.vendor.url" value="https://www.jetbrains.com/"/><property name="sun.boot.library.path" value="/home/quentin/Documents/idea-IC-192.6817.14/jbr/lib"/><property name="sun.java.command" value="/home/quentin/.IdeaIC2019.2/config/plugins/Scala/launcher/sbt-launch.jar --addPluginSbtFile=/tmp/idea.sbt ; set ideaPort in Global := 36555 ; idea-shell"/><property name="jdk.debug" value="release"/><property name="java.specification.vendor" value="Oracle Corporation"/><property name="java.version.date" value="2019-07-16"/><property name="java.home" value="/home/quentin/Documents/idea-IC-192.6817.14/jbr"/><property name="file.separator" value="/"/><property name="java.vm.compressedOopsMode" value="32-bit"/><property name="line.separator" value="
"/><property name="java.specification.name" value="Java Platform API Specification"/><property name="java.vm.specification.vendor" value="Oracle Corporation"/><property name="sun.management.compiler" value="HotSpot 64-Bit Tiered Compilers"/><property name="java.runtime.version" value="11.0.4+10-b304.69"/><property name="user.name" value="quentin"/><property name="log4j.ignoreTCL" value="true"/><property name="file.encoding" value="UTF-8"/><property name="java.io.tmpdir" value="/tmp"/><property name="java.version" value="11.0.4"/><property name="java.vm.specification.name" value="Java Virtual Machine Specification"/><property name="java.awt.printerjob" value="sun.print.PSPrinterJob"/><property name="sun.os.patch.level" value="unknown"/><property name="java.library.path" value="/usr/java/packages/lib:/usr/lib64:/lib64:/lib:/usr/lib"/><property name="java.vendor" value="JetBrains s.r.o"/><property name="sun.io.unicode.encoding" value="UnicodeLittle"/><property name="sun.desktop" value="gnome"/><property name="java.class.path" value="/home/quentin/.IdeaIC2019.2/config/plugins/Scala/launcher/sbt-launch.jar"/><property name="java.vm.vendor" value="JetBrains s.r.o"/><property name="jline.shutdownhook" value="false"/><property name="user.timezone" value="Europe/Paris"/><property name="os.name" value="Linux"/><property name="java.vm.specification.version" value="11"/><property name="sun.java.launcher" value="SUN_STANDARD"/><property name="user.country" value="FR"/><property name="sun.cpu.endian" value="little"/><property name="user.home" value="/home/quentin"/><property name="user.language" value="fr"/><property name="swoval.tmpdir" value="/home/quentin/.sbt/1.0"/><property name="java.awt.graphicsenv" value="sun.awt.X11GraphicsEnvironment"/><property name="jline.esc.timeout" value="0"/><property name="path.separator" value=":"/><property name="os.version" value="5.0.0-31-generic"/><property name="jna.nosys" value="true"/><property name="java.runtime.name" value="OpenJDK Runtime Environment"/><property name="java.vm.name" value="OpenJDK 64-Bit Server VM"/><property name="java.vendor.url.bug" value="https://youtrack.jetbrains.com"/><property name="user.dir" value="/home/quentin/IdeaProjects/SGIT"/><property name="os.arch" value="amd64"/><property name="idea.managed" value="true"/><property name="java.vm.info" value="mixed mode"/><property name="java.vm.version" value="11.0.4+10-b304.69"/><property name="java.class.version" value="55.0"/>
    </properties>
                     <testcase classname="FileManagerTest" name="exists should return true when a file of same path exists" time="0.01">
                                                 
                                               </testcase><testcase classname="FileManagerTest" name="exists should return false when a file of the path doesn't exist" time="0.001">
                                                 
                                               </testcase><testcase classname="FileManagerTest" name="isDirectory should return true when a directory of the same path exists" time="0.0">
                                                 
                                               </testcase><testcase classname="FileManagerTest" name="isDirectory should return false when a directory of the same path doesn't exist" time="0.001">
                                                 
                                               </testcase><testcase classname="FileManagerTest" name="isFile should return true when a file of the same path exist" time="0.0">
                                                 
                                               </testcase><testcase classname="FileManagerTest" name="isFile should return false when a directory of the same path doesn't exist" time="0.001">
                                                 
                                               </testcase><testcase classname="FileManagerTest" name="listFiles should return an empty list in option when given a path from empty directory" time="0.0">
                                                 
                                               </testcase><testcase classname="FileManagerTest" name="listFiles should return None when given a path from directory that doesn't exist" time="0.0">
                                                 
                                               </testcase><testcase classname="FileManagerTest" name="listFiles should return the list of files in an existing directory when given a valid path" time="0.001">
                                                 
                                               </testcase><testcase classname="FileManagerTest" name="readFile should return None when given a path from a file that doesn't exist" time="0.001">
                                                 
                                               </testcase><testcase classname="FileManagerTest" name="readFile should return empty String when given a path from an empty file" time="-0.001">
                                                 <skipped/>
                                               </testcase><testcase classname="FileManagerTest" name="readFile should return a simple String when given a path from a one line file" time="0.001">
                                                 
                                               </testcase><testcase classname="FileManagerTest" name="readFile should return a String representing the content of the file cut by \n when given a path from a file with many rows" time="0.001">
                                                 
                                               </testcase><testcase classname="FileManagerTest" name="readFile should return a String representing the content of the file cut by \n when given a path from a file with many rows and empty lines" time="0.001">
                                                 
                                               </testcase><testcase classname="FileManagerTest" name="readFile should return a String representing the content of the file cut by \n when given a path from a file with many rows finishing by \n" time="-0.001">
                                                 <skipped/>
                                               </testcase><testcase classname="FileManagerTest" name="createDir should create a new directory and return true when given a valid path" time="0.001">
                                                 
                                               </testcase><testcase classname="FileManagerTest" name="createDir should create nothing and return false when given an already existing directory path" time="0.0">
                                                 
                                               </testcase><testcase classname="FileManagerTest" name="writeFile should create a new file and return true when given an unknown path" time="0.0">
                                                 
                                               </testcase><testcase classname="FileManagerTest" name="writeFile should create a new file with correct content and return true when given an unknown path and text" time="0.0">
                                                 
                                               </testcase><testcase classname="FileManagerTest" name="writeFile should replace the content of a file and return true when given a path from existing file" time="0.0">
                                                 
                                               </testcase>
                     <system-out><![CDATA[]]></system-out>
                     <system-err><![CDATA[]]></system-err>
                   </testsuite>